#
# There is insufficient memory for the Java Runtime Environment to continue.
# Native memory allocation (malloc) failed to allocate 32784 bytes for Chunk::new
# Possible reasons:
#   The system is out of physical RAM or swap space
#   The process is running with CompressedOops enabled, and the Java Heap may be blocking the growth of the native heap
# Possible solutions:
#   Reduce memory load on the system
#   Increase physical memory or swap space
#   Check if swap backing store is full
#   Decrease Java heap size (-Xmx/-Xms)
#   Decrease number of Java threads
#   Decrease Java thread stack sizes (-Xss)
#   Set larger code cache with -XX:ReservedCodeCacheSize=
#   JVM is running with Unscaled Compressed Oops mode in which the Java heap is
#     placed in the first 4GB address space. The Java Heap base address is the
#     maximum limit for the native heap growth. Please use -XX:HeapBaseMinAddress
#     to set the Java Heap base and to place the Java Heap above 4GB virtual address.
# This output file may be truncated or incomplete.
#
#  Out of Memory Error (./src/hotspot/share/memory/arena.cpp:197), pid=11748, tid=7844
#
# JRE version: OpenJDK Runtime Environment (11.0.13) (build 11.0.13+0-b1751.21-8125866)
# Java VM: OpenJDK 64-Bit Server VM (11.0.13+0-b1751.21-8125866, mixed mode, tiered, compressed oops, g1 gc, windows-amd64)
# No core dump will be written. Minidumps are not enabled by default on client versions of Windows
#

---------------  S U M M A R Y ------------

Command Line: --add-opens=java.base/java.util=ALL-UNNAMED --add-opens=java.base/java.lang=ALL-UNNAMED --add-opens=java.base/java.lang.invoke=ALL-UNNAMED --add-opens=java.base/java.util=ALL-UNNAMED --add-opens=java.prefs/java.util.prefs=ALL-UNNAMED --add-opens=java.prefs/java.util.prefs=ALL-UNNAMED --add-opens=java.base/java.nio.charset=ALL-UNNAMED --add-opens=java.base/java.net=ALL-UNNAMED --add-opens=java.base/java.util.concurrent.atomic=ALL-UNNAMED -Xmx2048m -Dfile.encoding=UTF-8 -Duser.country=KR -Duser.language=ko -Duser.variant org.gradle.launcher.daemon.bootstrap.GradleDaemon 7.3.3

Host: Intel(R) Core(TM) i7-10700K CPU @ 3.80GHz, 16 cores, 15G,  Windows 10 , 64 bit Build 19041 (10.0.19041.2546)
Time: Tue Mar 28 01:48:52 2023 대한민국 표준시 elapsed time: 3.210751 seconds (0d 0h 0m 3s)

---------------  T H R E A D  ---------------

Current thread (0x000001408333b000):  JavaThread "C2 CompilerThread0" daemon [_thread_in_native, id=7844, stack(0x0000001077100000,0x0000001077200000)]


Current CompileTask:
C2:   3210 3518   !   4       java.net.URLClassLoader$1::run (81 bytes)

Stack: [0x0000001077100000,0x0000001077200000]
Native frames: (J=compiled Java code, j=interpreted, Vv=VM code, C=native code)
V  [jvm.dll+0x6100fa]
V  [jvm.dll+0x747090]
V  [jvm.dll+0x7486ad]
V  [jvm.dll+0x748d83]
V  [jvm.dll+0x24ab48]
V  [jvm.dll+0xc04dc]
V  [jvm.dll+0xc0a0c]
V  [jvm.dll+0xc060c]
V  [jvm.dll+0x5eed90]
V  [jvm.dll+0x524f92]
V  [jvm.dll+0x524557]
V  [jvm.dll+0x20b193]
V  [jvm.dll+0x204ca0]
V  [jvm.dll+0x2023c2]
V  [jvm.dll+0x188e01]
V  [jvm.dll+0x21106b]
V  [jvm.dll+0x20f8c1]
V  [jvm.dll+0x70de0f]
V  [jvm.dll+0x706a75]
V  [jvm.dll+0x60ed66]
C  [ucrtbase.dll+0x21bb2]
C  [KERNEL32.DLL+0x17614]
C  [ntdll.dll+0x526a1]


---------------  P R O C E S S  ---------------

Threads class SMR info:
_java_thread_list=0x0000014089f948c0, length=38, elements={
0x00000140e7a80000, 0x00000140832f4800, 0x00000140832f9000, 0x000001408332d000,
0x000001408332e000, 0x0000014083331000, 0x000001408333b000, 0x000001408333f800,
0x0000014083344000, 0x0000014083466800, 0x00000140834f5800, 0x0000014083feb000,
0x00000140856c7800, 0x0000014084826000, 0x0000014084895000, 0x000001408557f800,
0x000001408569d800, 0x0000014084d94800, 0x00000140861e3000, 0x00000140855cb000,
0x0000014085cee000, 0x0000014085b67800, 0x00000140861e9800, 0x00000140861ea000,
0x00000140861e4800, 0x00000140861eb000, 0x00000140861e7000, 0x00000140861e7800,
0x00000140861e5000, 0x00000140861e8800, 0x00000140861e6000, 0x00000140859de000,
0x0000014083725800, 0x0000014083f38000, 0x000001408356c000, 0x0000014089781000,
0x0000014086267000, 0x00000140859e3800
}

Java Threads: ( => current thread )
  0x00000140e7a80000 JavaThread "main" [_thread_blocked, id=15028, stack(0x0000001076500000,0x0000001076600000)]
  0x00000140832f4800 JavaThread "Reference Handler" daemon [_thread_blocked, id=14552, stack(0x0000001076c00000,0x0000001076d00000)]
  0x00000140832f9000 JavaThread "Finalizer" daemon [_thread_blocked, id=10400, stack(0x0000001076d00000,0x0000001076e00000)]
  0x000001408332d000 JavaThread "Signal Dispatcher" daemon [_thread_blocked, id=14116, stack(0x0000001076e00000,0x0000001076f00000)]
  0x000001408332e000 JavaThread "Attach Listener" daemon [_thread_blocked, id=6364, stack(0x0000001076f00000,0x0000001077000000)]
  0x0000014083331000 JavaThread "Service Thread" daemon [_thread_blocked, id=1684, stack(0x0000001077000000,0x0000001077100000)]
=>0x000001408333b000 JavaThread "C2 CompilerThread0" daemon [_thread_in_native, id=7844, stack(0x0000001077100000,0x0000001077200000)]
  0x000001408333f800 JavaThread "C1 CompilerThread0" daemon [_thread_blocked, id=6656, stack(0x0000001077200000,0x0000001077300000)]
  0x0000014083344000 JavaThread "Sweeper thread" daemon [_thread_blocked, id=11832, stack(0x0000001077300000,0x0000001077400000)]
  0x0000014083466800 JavaThread "C1 CompilerThread1" daemon [_thread_blocked, id=6056, stack(0x0000001077400000,0x0000001077500000)]
  0x00000140834f5800 JavaThread "Common-Cleaner" daemon [_thread_blocked, id=18300, stack(0x0000001077500000,0x0000001077600000)]
  0x0000014083feb000 JavaThread "C1 CompilerThread2" daemon [_thread_blocked, id=11508, stack(0x0000001077900000,0x0000001077a00000)]
  0x00000140856c7800 JavaThread "Daemon health stats" [_thread_blocked, id=15524, stack(0x0000001078000000,0x0000001078100000)]
  0x0000014084826000 JavaThread "Incoming local TCP Connector on port 57562" [_thread_in_native, id=12052, stack(0x0000001078100000,0x0000001078200000)]
  0x0000014084895000 JavaThread "Daemon periodic checks" [_thread_blocked, id=12712, stack(0x0000001078200000,0x0000001078300000)]
  0x000001408557f800 JavaThread "Daemon" [_thread_blocked, id=15528, stack(0x0000001078300000,0x0000001078400000)]
  0x000001408569d800 JavaThread "Handler for socket connection from /127.0.0.1:57562 to /127.0.0.1:57563" [_thread_in_native, id=9944, stack(0x0000001078400000,0x0000001078500000)]
  0x0000014084d94800 JavaThread "Cancel handler" [_thread_blocked, id=9512, stack(0x0000001078500000,0x0000001078600000)]
  0x00000140861e3000 JavaThread "Daemon worker" [_thread_in_Java, id=16616, stack(0x0000001078600000,0x0000001078700000)]
  0x00000140855cb000 JavaThread "Asynchronous log dispatcher for DefaultDaemonConnection: socket connection from /127.0.0.1:57562 to /127.0.0.1:57563" [_thread_blocked, id=13812, stack(0x0000001078700000,0x0000001078800000)]
  0x0000014085cee000 JavaThread "Stdin handler" [_thread_blocked, id=13592, stack(0x0000001078800000,0x0000001078900000)]
  0x0000014085b67800 JavaThread "Daemon client event forwarder" [_thread_blocked, id=17832, stack(0x0000001078900000,0x0000001078a00000)]
  0x00000140861e9800 JavaThread "Cache worker for journal cache (C:\Users\pc\.gradle\caches\journal-1)" [_thread_blocked, id=7364, stack(0x0000001078a00000,0x0000001078b00000)]
  0x00000140861ea000 JavaThread "File lock request listener" [_thread_in_native, id=10364, stack(0x0000001078b00000,0x0000001078c00000)]
  0x00000140861e4800 JavaThread "Cache worker for file hash cache (C:\Users\pc\.gradle\caches\7.3.3\fileHashes)" [_thread_blocked, id=11360, stack(0x0000001078c00000,0x0000001078d00000)]
  0x00000140861eb000 JavaThread "Cache worker for file hash cache (C:\Users\pc\Documents\GitHub\LoLGG\.gradle\7.3.3\fileHashes)" [_thread_blocked, id=5556, stack(0x0000001079600000,0x0000001079700000)]
  0x00000140861e7000 JavaThread "File watcher server" daemon [_thread_in_native, id=2604, stack(0x0000001079700000,0x0000001079800000)]
  0x00000140861e7800 JavaThread "File watcher consumer" daemon [_thread_blocked, id=1968, stack(0x0000001079800000,0x0000001079900000)]
  0x00000140861e5000 JavaThread "Cache worker for checksums cache (C:\Users\pc\Documents\GitHub\LoLGG\.gradle\7.3.3\checksums)" [_thread_blocked, id=12208, stack(0x0000001079900000,0x0000001079a00000)]
  0x00000140861e8800 JavaThread "Cache worker for cache directory md-supplier (C:\Users\pc\.gradle\caches\7.3.3\md-supplier)" [_thread_blocked, id=17968, stack(0x0000001079a00000,0x0000001079b00000)]
  0x00000140861e6000 JavaThread "Cache worker for cache directory md-rule (C:\Users\pc\.gradle\caches\7.3.3\md-rule)" [_thread_blocked, id=8600, stack(0x0000001079b00000,0x0000001079c00000)]
  0x00000140859de000 JavaThread "Cache worker for execution history cache (C:\Users\pc\.gradle\caches\7.3.3\executionHistory)" [_thread_blocked, id=7404, stack(0x0000001079c00000,0x0000001079d00000)]
  0x0000014083725800 JavaThread "C2 CompilerThread1" daemon [_thread_blocked, id=10524, stack(0x0000001077700000,0x0000001077800000)]
  0x0000014083f38000 JavaThread "C2 CompilerThread2" daemon [_thread_blocked, id=10480, stack(0x0000001077800000,0x0000001077900000)]
  0x000001408356c000 JavaThread "C2 CompilerThread3" daemon [_thread_in_native, id=15244, stack(0x0000001077a00000,0x0000001077b00000)]
  0x0000014089781000 JavaThread "C2 CompilerThread4" daemon [_thread_in_native, id=8684, stack(0x0000001079d00000,0x0000001079e00000)]
  0x0000014086267000 JavaThread "C1 CompilerThread3" daemon [_thread_in_native, id=3372, stack(0x0000001079e00000,0x0000001079f00000)]
  0x00000140859e3800 JavaThread "jar transforms" [_thread_blocked, id=11940, stack(0x0000001079f00000,0x000000107a000000)]

Other Threads:
  0x00000140832af800 VMThread "VM Thread" [stack: 0x0000001076b00000,0x0000001076c00000] [id=6764]
  0x0000014083520800 WatcherThread [stack: 0x0000001077600000,0x0000001077700000] [id=13024]
  0x00000140e7a97000 GCTaskThread "GC Thread#0" [stack: 0x0000001076600000,0x0000001076700000] [id=8036]
  0x0000014083f39000 GCTaskThread "GC Thread#1" [stack: 0x0000001077b00000,0x0000001077c00000] [id=14832]
  0x000001408427b800 GCTaskThread "GC Thread#2" [stack: 0x0000001077c00000,0x0000001077d00000] [id=18984]
  0x000001408427c000 GCTaskThread "GC Thread#3" [stack: 0x0000001077d00000,0x0000001077e00000] [id=14840]
  0x000001408427d000 GCTaskThread "GC Thread#4" [stack: 0x0000001077e00000,0x0000001077f00000] [id=17920]
  0x00000140841be800 GCTaskThread "GC Thread#5" [stack: 0x0000001077f00000,0x0000001078000000] [id=13884]
  0x00000140846e6000 GCTaskThread "GC Thread#6" [stack: 0x0000001078d00000,0x0000001078e00000] [id=10412]
  0x0000014086149800 GCTaskThread "GC Thread#7" [stack: 0x0000001078e00000,0x0000001078f00000] [id=16228]
  0x0000014084692000 GCTaskThread "GC Thread#8" [stack: 0x0000001078f00000,0x0000001079000000] [id=6340]
  0x00000140844c8800 GCTaskThread "GC Thread#9" [stack: 0x0000001079000000,0x0000001079100000] [id=7544]
  0x0000014084b97000 GCTaskThread "GC Thread#10" [stack: 0x0000001079100000,0x0000001079200000] [id=2452]
  0x0000014085c23800 GCTaskThread "GC Thread#11" [stack: 0x0000001079200000,0x0000001079300000] [id=15120]
  0x000001408545b800 GCTaskThread "GC Thread#12" [stack: 0x0000001079300000,0x0000001079400000] [id=1264]
  0x00000140e7acb000 ConcurrentGCThread "G1 Main Marker" [stack: 0x0000001076700000,0x0000001076800000] [id=14804]
  0x00000140e7acc000 ConcurrentGCThread "G1 Conc#0" [stack: 0x0000001076800000,0x0000001076900000] [id=5824]
  0x00000140861d6000 ConcurrentGCThread "G1 Conc#1" [stack: 0x0000001079400000,0x0000001079500000] [id=8364]
  0x0000014085a7b800 ConcurrentGCThread "G1 Conc#2" [stack: 0x0000001079500000,0x0000001079600000] [id=8460]
  0x00000140e7b5d800 ConcurrentGCThread "G1 Refine#0" [stack: 0x0000001076900000,0x0000001076a00000] [id=3584]
  0x00000140e7b5e800 ConcurrentGCThread "G1 Young RemSet Sampling" [stack: 0x0000001076a00000,0x0000001076b00000] [id=6844]

Threads with active compile tasks:
C2 CompilerThread0   3224 3518   !   4       java.net.URLClassLoader$1::run (81 bytes)
C1 CompilerThread0   3224 3607  s    3       java.util.Hashtable::put (104 bytes)
C1 CompilerThread1   3224 3608       3       java.lang.reflect.Method::getTypeParameters (20 bytes)
C2 CompilerThread3   3224 3477       4       java.lang.String::split (324 bytes)
C2 CompilerThread4   3224 3517       4       java.net.URLClassLoader$1::run (5 bytes)

VM state:not at safepoint (normal execution)

VM Mutex/Monitor currently owned by a thread:  ([mutex/lock_event])
[0x00000140e7a7a790] Compile_lock - owner thread: 0x0000014083466800

Heap address: 0x0000000080000000, size: 2048 MB, Compressed Oops mode: 32-bit
Narrow klass base: 0x0000000000000000, Narrow klass shift: 3
Compressed class space size: 1073741824 Address: 0x0000000100000000

Heap:
 garbage-first heap   total 260096K, used 60056K [0x0000000080000000, 0x0000000100000000)
  region size 1024K, 45 young (46080K), 6 survivors (6144K)
 Metaspace       used 38276K, capacity 39148K, committed 39376K, reserved 1083392K
  class space    used 4851K, capacity 5171K, committed 5248K, reserved 1048576K
Heap Regions: E=young(eden), S=young(survivor), O=old, HS=humongous(starts), HC=humongous(continues), CS=collection set, F=free, A=archive, TAMS=top-at-mark-start (previous, next)
|   0|0x0000000080000000, 0x0000000080100000, 0x0000000080100000|100%| O|  |TAMS 0x0000000080100000, 0x0000000080000000| Untracked 
|   1|0x0000000080100000, 0x0000000080200000, 0x0000000080200000|100%| O|  |TAMS 0x0000000080200000, 0x0000000080100000| Untracked 
|   2|0x0000000080200000, 0x0000000080300000, 0x0000000080300000|100%| O|  |TAMS 0x0000000080300000, 0x0000000080200000| Untracked 
|   3|0x0000000080300000, 0x0000000080400000, 0x0000000080400000|100%|HS|  |TAMS 0x0000000080400000, 0x0000000080300000| Complete 
|   4|0x0000000080400000, 0x0000000080500000, 0x0000000080500000|100%|HC|  |TAMS 0x0000000080500000, 0x0000000080400000| Complete 
|   5|0x0000000080500000, 0x0000000080600000, 0x0000000080600000|100%|HC|  |TAMS 0x0000000080600000, 0x0000000080500000| Complete 
|   6|0x0000000080600000, 0x0000000080700000, 0x0000000080700000|100%| O|  |TAMS 0x0000000080700000, 0x0000000080600000| Untracked 
|   7|0x0000000080700000, 0x0000000080800000, 0x0000000080800000|100%| O|  |TAMS 0x0000000080800000, 0x0000000080700000| Untracked 
|   8|0x0000000080800000, 0x0000000080900000, 0x0000000080900000|100%| O|  |TAMS 0x0000000080900000, 0x0000000080800000| Untracked 
|   9|0x0000000080900000, 0x0000000080a00000, 0x0000000080a00000|100%| O|  |TAMS 0x0000000080a00000, 0x0000000080900000| Untracked 
|  10|0x0000000080a00000, 0x0000000080b00000, 0x0000000080b00000|100%| O|  |TAMS 0x0000000080b00000, 0x0000000080a00000| Untracked 
|  11|0x0000000080b00000, 0x0000000080c00000, 0x0000000080c00000|100%| O|  |TAMS 0x0000000080c00000, 0x0000000080b00000| Untracked 
|  12|0x0000000080c00000, 0x0000000080d00000, 0x0000000080d00000|100%| O|  |TAMS 0x0000000080d00000, 0x0000000080c00000| Untracked 
|  13|0x0000000080d00000, 0x0000000080e00000, 0x0000000080e00000|100%| O|  |TAMS 0x0000000080e00000, 0x0000000080d00000| Untracked 
|  14|0x0000000080e00000, 0x0000000080f00000, 0x0000000080f00000|100%| O|  |TAMS 0x0000000080f00000, 0x0000000080e00000| Untracked 
|  15|0x0000000080f00000, 0x0000000081000000, 0x0000000081000000|100%| O|  |TAMS 0x0000000081000000, 0x0000000080f00000| Untracked 
|  16|0x0000000081000000, 0x000000008105b000, 0x0000000081100000| 35%| O|  |TAMS 0x000000008105b000, 0x0000000081000000| Untracked 
|  17|0x0000000081100000, 0x0000000081100000, 0x0000000081200000|  0%| F|  |TAMS 0x0000000081100000, 0x0000000081100000| Untracked 
|  18|0x0000000081200000, 0x0000000081200000, 0x0000000081300000|  0%| F|  |TAMS 0x0000000081200000, 0x0000000081200000| Untracked 
|  19|0x0000000081300000, 0x0000000081300000, 0x0000000081400000|  0%| F|  |TAMS 0x0000000081300000, 0x0000000081300000| Untracked 
|  20|0x0000000081400000, 0x0000000081400000, 0x0000000081500000|  0%| F|  |TAMS 0x0000000081400000, 0x0000000081400000| Untracked 
|  21|0x0000000081500000, 0x0000000081500000, 0x0000000081600000|  0%| F|  |TAMS 0x0000000081500000, 0x0000000081500000| Untracked 
|  22|0x0000000081600000, 0x0000000081600000, 0x0000000081700000|  0%| F|  |TAMS 0x0000000081600000, 0x0000000081600000| Untracked 
|  23|0x0000000081700000, 0x0000000081700000, 0x0000000081800000|  0%| F|  |TAMS 0x0000000081700000, 0x0000000081700000| Untracked 
|  24|0x0000000081800000, 0x0000000081800000, 0x0000000081900000|  0%| F|  |TAMS 0x0000000081800000, 0x0000000081800000| Untracked 
|  25|0x0000000081900000, 0x0000000081900000, 0x0000000081a00000|  0%| F|  |TAMS 0x0000000081900000, 0x0000000081900000| Untracked 
|  26|0x0000000081a00000, 0x0000000081a00000, 0x0000000081b00000|  0%| F|  |TAMS 0x0000000081a00000, 0x0000000081a00000| Untracked 
|  27|0x0000000081b00000, 0x0000000081b00000, 0x0000000081c00000|  0%| F|  |TAMS 0x0000000081b00000, 0x0000000081b00000| Untracked 
|  28|0x0000000081c00000, 0x0000000081c00000, 0x0000000081d00000|  0%| F|  |TAMS 0x0000000081c00000, 0x0000000081c00000| Untracked 
|  29|0x0000000081d00000, 0x0000000081d00000, 0x0000000081e00000|  0%| F|  |TAMS 0x0000000081d00000, 0x0000000081d00000| Untracked 
|  30|0x0000000081e00000, 0x0000000081e00000, 0x0000000081f00000|  0%| F|  |TAMS 0x0000000081e00000, 0x0000000081e00000| Untracked 
|  31|0x0000000081f00000, 0x0000000081f00000, 0x0000000082000000|  0%| F|  |TAMS 0x0000000081f00000, 0x0000000081f00000| Untracked 
|  32|0x0000000082000000, 0x0000000082000000, 0x0000000082100000|  0%| F|  |TAMS 0x0000000082000000, 0x0000000082000000| Untracked 
|  33|0x0000000082100000, 0x0000000082100000, 0x0000000082200000|  0%| F|  |TAMS 0x0000000082100000, 0x0000000082100000| Untracked 
|  34|0x0000000082200000, 0x0000000082200000, 0x0000000082300000|  0%| F|  |TAMS 0x0000000082200000, 0x0000000082200000| Untracked 
|  35|0x0000000082300000, 0x0000000082300000, 0x0000000082400000|  0%| F|  |TAMS 0x0000000082300000, 0x0000000082300000| Untracked 
|  36|0x0000000082400000, 0x0000000082400000, 0x0000000082500000|  0%| F|  |TAMS 0x0000000082400000, 0x0000000082400000| Untracked 
|  37|0x0000000082500000, 0x0000000082500000, 0x0000000082600000|  0%| F|  |TAMS 0x0000000082500000, 0x0000000082500000| Untracked 
|  38|0x0000000082600000, 0x0000000082600000, 0x0000000082700000|  0%| F|  |TAMS 0x0000000082600000, 0x0000000082600000| Untracked 
|  39|0x0000000082700000, 0x0000000082700000, 0x0000000082800000|  0%| F|  |TAMS 0x0000000082700000, 0x0000000082700000| Untracked 
|  40|0x0000000082800000, 0x0000000082800000, 0x0000000082900000|  0%| F|  |TAMS 0x0000000082800000, 0x0000000082800000| Untracked 
|  41|0x0000000082900000, 0x0000000082900000, 0x0000000082a00000|  0%| F|  |TAMS 0x0000000082900000, 0x0000000082900000| Untracked 
|  42|0x0000000082a00000, 0x0000000082a00000, 0x0000000082b00000|  0%| F|  |TAMS 0x0000000082a00000, 0x0000000082a00000| Untracked 
|  43|0x0000000082b00000, 0x0000000082b00000, 0x0000000082c00000|  0%| F|  |TAMS 0x0000000082b00000, 0x0000000082b00000| Untracked 
|  44|0x0000000082c00000, 0x0000000082c00000, 0x0000000082d00000|  0%| F|  |TAMS 0x0000000082c00000, 0x0000000082c00000| Untracked 
|  45|0x0000000082d00000, 0x0000000082d00000, 0x0000000082e00000|  0%| F|  |TAMS 0x0000000082d00000, 0x0000000082d00000| Untracked 
|  46|0x0000000082e00000, 0x0000000082e00000, 0x0000000082f00000|  0%| F|  |TAMS 0x0000000082e00000, 0x0000000082e00000| Untracked 
|  47|0x0000000082f00000, 0x0000000082f00000, 0x0000000083000000|  0%| F|  |TAMS 0x0000000082f00000, 0x0000000082f00000| Untracked 
|  48|0x0000000083000000, 0x0000000083000000, 0x0000000083100000|  0%| F|  |TAMS 0x0000000083000000, 0x0000000083000000| Untracked 
|  49|0x0000000083100000, 0x0000000083100000, 0x0000000083200000|  0%| F|  |TAMS 0x0000000083100000, 0x0000000083100000| Untracked 
|  50|0x0000000083200000, 0x0000000083200000, 0x0000000083300000|  0%| F|  |TAMS 0x0000000083200000, 0x0000000083200000| Untracked 
|  51|0x0000000083300000, 0x0000000083300000, 0x0000000083400000|  0%| F|  |TAMS 0x0000000083300000, 0x0000000083300000| Untracked 
|  52|0x0000000083400000, 0x0000000083400000, 0x0000000083500000|  0%| F|  |TAMS 0x0000000083400000, 0x0000000083400000| Untracked 
|  53|0x0000000083500000, 0x0000000083500000, 0x0000000083600000|  0%| F|  |TAMS 0x0000000083500000, 0x0000000083500000| Untracked 
|  54|0x0000000083600000, 0x0000000083600000, 0x0000000083700000|  0%| F|  |TAMS 0x0000000083600000, 0x0000000083600000| Untracked 
|  55|0x0000000083700000, 0x0000000083700000, 0x0000000083800000|  0%| F|  |TAMS 0x0000000083700000, 0x0000000083700000| Untracked 
|  56|0x0000000083800000, 0x0000000083800000, 0x0000000083900000|  0%| F|  |TAMS 0x0000000083800000, 0x0000000083800000| Untracked 
|  57|0x0000000083900000, 0x0000000083900000, 0x0000000083a00000|  0%| F|  |TAMS 0x0000000083900000, 0x0000000083900000| Untracked 
|  58|0x0000000083a00000, 0x0000000083a00000, 0x0000000083b00000|  0%| F|  |TAMS 0x0000000083a00000, 0x0000000083a00000| Untracked 
|  59|0x0000000083b00000, 0x0000000083b00000, 0x0000000083c00000|  0%| F|  |TAMS 0x0000000083b00000, 0x0000000083b00000| Untracked 
|  60|0x0000000083c00000, 0x0000000083c00000, 0x0000000083d00000|  0%| F|  |TAMS 0x0000000083c00000, 0x0000000083c00000| Untracked 
|  61|0x0000000083d00000, 0x0000000083d00000, 0x0000000083e00000|  0%| F|  |TAMS 0x0000000083d00000, 0x0000000083d00000| Untracked 
|  62|0x0000000083e00000, 0x0000000083e00000, 0x0000000083f00000|  0%| F|  |TAMS 0x0000000083e00000, 0x0000000083e00000| Untracked 
|  63|0x0000000083f00000, 0x0000000083f00000, 0x0000000084000000|  0%| F|  |TAMS 0x0000000083f00000, 0x0000000083f00000| Untracked 
|  64|0x0000000084000000, 0x0000000084000000, 0x0000000084100000|  0%| F|  |TAMS 0x0000000084000000, 0x0000000084000000| Untracked 
|  65|0x0000000084100000, 0x0000000084100000, 0x0000000084200000|  0%| F|  |TAMS 0x0000000084100000, 0x0000000084100000| Untracked 
|  66|0x0000000084200000, 0x0000000084200000, 0x0000000084300000|  0%| F|  |TAMS 0x0000000084200000, 0x0000000084200000| Untracked 
|  67|0x0000000084300000, 0x0000000084300000, 0x0000000084400000|  0%| F|  |TAMS 0x0000000084300000, 0x0000000084300000| Untracked 
|  68|0x0000000084400000, 0x0000000084400000, 0x0000000084500000|  0%| F|  |TAMS 0x0000000084400000, 0x0000000084400000| Untracked 
|  69|0x0000000084500000, 0x0000000084500000, 0x0000000084600000|  0%| F|  |TAMS 0x0000000084500000, 0x0000000084500000| Untracked 
|  70|0x0000000084600000, 0x0000000084600000, 0x0000000084700000|  0%| F|  |TAMS 0x0000000084600000, 0x0000000084600000| Untracked 
|  71|0x0000000084700000, 0x0000000084700000, 0x0000000084800000|  0%| F|  |TAMS 0x0000000084700000, 0x0000000084700000| Untracked 
|  72|0x0000000084800000, 0x0000000084800000, 0x0000000084900000|  0%| F|  |TAMS 0x0000000084800000, 0x0000000084800000| Untracked 
|  73|0x0000000084900000, 0x0000000084900000, 0x0000000084a00000|  0%| F|  |TAMS 0x0000000084900000, 0x0000000084900000| Untracked 
|  74|0x0000000084a00000, 0x0000000084a00000, 0x0000000084b00000|  0%| F|  |TAMS 0x0000000084a00000, 0x0000000084a00000| Untracked 
|  75|0x0000000084b00000, 0x0000000084b00000, 0x0000000084c00000|  0%| F|  |TAMS 0x0000000084b00000, 0x0000000084b00000| Untracked 
|  76|0x0000000084c00000, 0x0000000084c00000, 0x0000000084d00000|  0%| F|  |TAMS 0x0000000084c00000, 0x0000000084c00000| Untracked 
|  77|0x0000000084d00000, 0x0000000084d00000, 0x0000000084e00000|  0%| F|  |TAMS 0x0000000084d00000, 0x0000000084d00000| Untracked 
|  78|0x0000000084e00000, 0x0000000084e00000, 0x0000000084f00000|  0%| F|  |TAMS 0x0000000084e00000, 0x0000000084e00000| Untracked 
|  79|0x0000000084f00000, 0x0000000084f00000, 0x0000000085000000|  0%| F|  |TAMS 0x0000000084f00000, 0x0000000084f00000| Untracked 
|  80|0x0000000085000000, 0x0000000085000000, 0x0000000085100000|  0%| F|  |TAMS 0x0000000085000000, 0x0000000085000000| Untracked 
|  81|0x0000000085100000, 0x0000000085100000, 0x0000000085200000|  0%| F|  |TAMS 0x0000000085100000, 0x0000000085100000| Untracked 
|  82|0x0000000085200000, 0x0000000085200000, 0x0000000085300000|  0%| F|  |TAMS 0x0000000085200000, 0x0000000085200000| Untracked 
|  83|0x0000000085300000, 0x0000000085300000, 0x0000000085400000|  0%| F|  |TAMS 0x0000000085300000, 0x0000000085300000| Untracked 
|  84|0x0000000085400000, 0x0000000085400000, 0x0000000085500000|  0%| F|  |TAMS 0x0000000085400000, 0x0000000085400000| Untracked 
|  85|0x0000000085500000, 0x0000000085500000, 0x0000000085600000|  0%| F|  |TAMS 0x0000000085500000, 0x0000000085500000| Untracked 
|  86|0x0000000085600000, 0x0000000085600000, 0x0000000085700000|  0%| F|  |TAMS 0x0000000085600000, 0x0000000085600000| Untracked 
|  87|0x0000000085700000, 0x0000000085700000, 0x0000000085800000|  0%| F|  |TAMS 0x0000000085700000, 0x0000000085700000| Untracked 
|  88|0x0000000085800000, 0x0000000085800000, 0x0000000085900000|  0%| F|  |TAMS 0x0000000085800000, 0x0000000085800000| Untracked 
|  89|0x0000000085900000, 0x0000000085900000, 0x0000000085a00000|  0%| F|  |TAMS 0x0000000085900000, 0x0000000085900000| Untracked 
|  90|0x0000000085a00000, 0x0000000085a00000, 0x0000000085b00000|  0%| F|  |TAMS 0x0000000085a00000, 0x0000000085a00000| Untracked 
|  91|0x0000000085b00000, 0x0000000085b00000, 0x0000000085c00000|  0%| F|  |TAMS 0x0000000085b00000, 0x0000000085b00000| Untracked 
|  92|0x0000000085c00000, 0x0000000085c00000, 0x0000000085d00000|  0%| F|  |TAMS 0x0000000085c00000, 0x0000000085c00000| Untracked 
|  93|0x0000000085d00000, 0x0000000085d00000, 0x0000000085e00000|  0%| F|  |TAMS 0x0000000085d00000, 0x0000000085d00000| Untracked 
|  94|0x0000000085e00000, 0x0000000085e00000, 0x0000000085f00000|  0%| F|  |TAMS 0x0000000085e00000, 0x0000000085e00000| Untracked 
|  95|0x0000000085f00000, 0x0000000085f00000, 0x0000000086000000|  0%| F|  |TAMS 0x0000000085f00000, 0x0000000085f00000| Untracked 
|  96|0x0000000086000000, 0x0000000086000000, 0x0000000086100000|  0%| F|  |TAMS 0x0000000086000000, 0x0000000086000000| Untracked 
|  97|0x0000000086100000, 0x0000000086100000, 0x0000000086200000|  0%| F|  |TAMS 0x0000000086100000, 0x0000000086100000| Untracked 
|  98|0x0000000086200000, 0x0000000086200000, 0x0000000086300000|  0%| F|  |TAMS 0x0000000086200000, 0x0000000086200000| Untracked 
|  99|0x0000000086300000, 0x0000000086300000, 0x0000000086400000|  0%| F|  |TAMS 0x0000000086300000, 0x0000000086300000| Untracked 
| 100|0x0000000086400000, 0x0000000086400000, 0x0000000086500000|  0%| F|  |TAMS 0x0000000086400000, 0x0000000086400000| Untracked 
| 101|0x0000000086500000, 0x0000000086500000, 0x0000000086600000|  0%| F|  |TAMS 0x0000000086500000, 0x0000000086500000| Untracked 
| 102|0x0000000086600000, 0x0000000086600000, 0x0000000086700000|  0%| F|  |TAMS 0x0000000086600000, 0x0000000086600000| Untracked 
| 103|0x0000000086700000, 0x0000000086700000, 0x0000000086800000|  0%| F|  |TAMS 0x0000000086700000, 0x0000000086700000| Untracked 
| 104|0x0000000086800000, 0x0000000086800000, 0x0000000086900000|  0%| F|  |TAMS 0x0000000086800000, 0x0000000086800000| Untracked 
| 105|0x0000000086900000, 0x0000000086900000, 0x0000000086a00000|  0%| F|  |TAMS 0x0000000086900000, 0x0000000086900000| Untracked 
| 106|0x0000000086a00000, 0x0000000086a00000, 0x0000000086b00000|  0%| F|  |TAMS 0x0000000086a00000, 0x0000000086a00000| Untracked 
| 107|0x0000000086b00000, 0x0000000086b00000, 0x0000000086c00000|  0%| F|  |TAMS 0x0000000086b00000, 0x0000000086b00000| Untracked 
| 108|0x0000000086c00000, 0x0000000086c00000, 0x0000000086d00000|  0%| F|  |TAMS 0x0000000086c00000, 0x0000000086c00000| Untracked 
| 109|0x0000000086d00000, 0x0000000086d00000, 0x0000000086e00000|  0%| F|  |TAMS 0x0000000086d00000, 0x0000000086d00000| Untracked 
| 110|0x0000000086e00000, 0x0000000086e00000, 0x0000000086f00000|  0%| F|  |TAMS 0x0000000086e00000, 0x0000000086e00000| Untracked 
| 111|0x0000000086f00000, 0x0000000086f00000, 0x0000000087000000|  0%| F|  |TAMS 0x0000000086f00000, 0x0000000086f00000| Untracked 
| 112|0x0000000087000000, 0x0000000087000000, 0x0000000087100000|  0%| F|  |TAMS 0x0000000087000000, 0x0000000087000000| Untracked 
| 113|0x0000000087100000, 0x0000000087100000, 0x0000000087200000|  0%| F|  |TAMS 0x0000000087100000, 0x0000000087100000| Untracked 
| 114|0x0000000087200000, 0x0000000087200000, 0x0000000087300000|  0%| F|  |TAMS 0x0000000087200000, 0x0000000087200000| Untracked 
| 115|0x0000000087300000, 0x0000000087300000, 0x0000000087400000|  0%| F|  |TAMS 0x0000000087300000, 0x0000000087300000| Untracked 
| 116|0x0000000087400000, 0x0000000087400000, 0x0000000087500000|  0%| F|  |TAMS 0x0000000087400000, 0x0000000087400000| Untracked 
| 117|0x0000000087500000, 0x0000000087500000, 0x0000000087600000|  0%| F|  |TAMS 0x0000000087500000, 0x0000000087500000| Untracked 
| 118|0x0000000087600000, 0x0000000087600000, 0x0000000087700000|  0%| F|  |TAMS 0x0000000087600000, 0x0000000087600000| Untracked 
| 119|0x0000000087700000, 0x0000000087700000, 0x0000000087800000|  0%| F|  |TAMS 0x0000000087700000, 0x0000000087700000| Untracked 
| 120|0x0000000087800000, 0x0000000087800000, 0x0000000087900000|  0%| F|  |TAMS 0x0000000087800000, 0x0000000087800000| Untracked 
| 121|0x0000000087900000, 0x0000000087900000, 0x0000000087a00000|  0%| F|  |TAMS 0x0000000087900000, 0x0000000087900000| Untracked 
| 122|0x0000000087a00000, 0x0000000087a00000, 0x0000000087b00000|  0%| F|  |TAMS 0x0000000087a00000, 0x0000000087a00000| Untracked 
| 123|0x0000000087b00000, 0x0000000087b00000, 0x0000000087c00000|  0%| F|  |TAMS 0x0000000087b00000, 0x0000000087b00000| Untracked 
| 124|0x0000000087c00000, 0x0000000087c00000, 0x0000000087d00000|  0%| F|  |TAMS 0x0000000087c00000, 0x0000000087c00000| Untracked 
| 125|0x0000000087d00000, 0x0000000087d00000, 0x0000000087e00000|  0%| F|  |TAMS 0x0000000087d00000, 0x0000000087d00000| Untracked 
| 126|0x0000000087e00000, 0x0000000087e00000, 0x0000000087f00000|  0%| F|  |TAMS 0x0000000087e00000, 0x0000000087e00000| Untracked 
| 127|0x0000000087f00000, 0x0000000087f00000, 0x0000000088000000|  0%| F|  |TAMS 0x0000000087f00000, 0x0000000087f00000| Untracked 
| 128|0x0000000088000000, 0x0000000088000000, 0x0000000088100000|  0%| F|  |TAMS 0x0000000088000000, 0x0000000088000000| Untracked 
| 129|0x0000000088100000, 0x0000000088100000, 0x0000000088200000|  0%| F|  |TAMS 0x0000000088100000, 0x0000000088100000| Untracked 
| 130|0x0000000088200000, 0x0000000088200000, 0x0000000088300000|  0%| F|  |TAMS 0x0000000088200000, 0x0000000088200000| Untracked 
| 131|0x0000000088300000, 0x0000000088300000, 0x0000000088400000|  0%| F|  |TAMS 0x0000000088300000, 0x0000000088300000| Untracked 
| 132|0x0000000088400000, 0x0000000088400000, 0x0000000088500000|  0%| F|  |TAMS 0x0000000088400000, 0x0000000088400000| Untracked 
| 133|0x0000000088500000, 0x0000000088500000, 0x0000000088600000|  0%| F|  |TAMS 0x0000000088500000, 0x0000000088500000| Untracked 
| 134|0x0000000088600000, 0x0000000088600000, 0x0000000088700000|  0%| F|  |TAMS 0x0000000088600000, 0x0000000088600000| Untracked 
| 135|0x0000000088700000, 0x0000000088700000, 0x0000000088800000|  0%| F|  |TAMS 0x0000000088700000, 0x0000000088700000| Untracked 
| 136|0x0000000088800000, 0x0000000088800000, 0x0000000088900000|  0%| F|  |TAMS 0x0000000088800000, 0x0000000088800000| Untracked 
| 137|0x0000000088900000, 0x0000000088900000, 0x0000000088a00000|  0%| F|  |TAMS 0x0000000088900000, 0x0000000088900000| Untracked 
| 138|0x0000000088a00000, 0x0000000088a00000, 0x0000000088b00000|  0%| F|  |TAMS 0x0000000088a00000, 0x0000000088a00000| Untracked 
| 139|0x0000000088b00000, 0x0000000088b00000, 0x0000000088c00000|  0%| F|  |TAMS 0x0000000088b00000, 0x0000000088b00000| Untracked 
| 140|0x0000000088c00000, 0x0000000088c00000, 0x0000000088d00000|  0%| F|  |TAMS 0x0000000088c00000, 0x0000000088c00000| Untracked 
| 141|0x0000000088d00000, 0x0000000088d00000, 0x0000000088e00000|  0%| F|  |TAMS 0x0000000088d00000, 0x0000000088d00000| Untracked 
| 142|0x0000000088e00000, 0x0000000088e00000, 0x0000000088f00000|  0%| F|  |TAMS 0x0000000088e00000, 0x0000000088e00000| Untracked 
| 143|0x0000000088f00000, 0x0000000088f00000, 0x0000000089000000|  0%| F|  |TAMS 0x0000000088f00000, 0x0000000088f00000| Untracked 
| 144|0x0000000089000000, 0x0000000089000000, 0x0000000089100000|  0%| F|  |TAMS 0x0000000089000000, 0x0000000089000000| Untracked 
| 145|0x0000000089100000, 0x0000000089100000, 0x0000000089200000|  0%| F|  |TAMS 0x0000000089100000, 0x0000000089100000| Untracked 
| 146|0x0000000089200000, 0x0000000089200000, 0x0000000089300000|  0%| F|  |TAMS 0x0000000089200000, 0x0000000089200000| Untracked 
| 147|0x0000000089300000, 0x0000000089300000, 0x0000000089400000|  0%| F|  |TAMS 0x0000000089300000, 0x0000000089300000| Untracked 
| 148|0x0000000089400000, 0x0000000089400000, 0x0000000089500000|  0%| F|  |TAMS 0x0000000089400000, 0x0000000089400000| Untracked 
| 149|0x0000000089500000, 0x0000000089500000, 0x0000000089600000|  0%| F|  |TAMS 0x0000000089500000, 0x0000000089500000| Untracked 
| 150|0x0000000089600000, 0x0000000089600000, 0x0000000089700000|  0%| F|  |TAMS 0x0000000089600000, 0x0000000089600000| Untracked 
| 151|0x0000000089700000, 0x0000000089700000, 0x0000000089800000|  0%| F|  |TAMS 0x0000000089700000, 0x0000000089700000| Untracked 
| 152|0x0000000089800000, 0x0000000089800000, 0x0000000089900000|  0%| F|  |TAMS 0x0000000089800000, 0x0000000089800000| Untracked 
| 153|0x0000000089900000, 0x0000000089900000, 0x0000000089a00000|  0%| F|  |TAMS 0x0000000089900000, 0x0000000089900000| Untracked 
| 154|0x0000000089a00000, 0x0000000089a00000, 0x0000000089b00000|  0%| F|  |TAMS 0x0000000089a00000, 0x0000000089a00000| Untracked 
| 155|0x0000000089b00000, 0x0000000089b00000, 0x0000000089c00000|  0%| F|  |TAMS 0x0000000089b00000, 0x0000000089b00000| Untracked 
| 156|0x0000000089c00000, 0x0000000089c00000, 0x0000000089d00000|  0%| F|  |TAMS 0x0000000089c00000, 0x0000000089c00000| Untracked 
| 157|0x0000000089d00000, 0x0000000089d00000, 0x0000000089e00000|  0%| F|  |TAMS 0x0000000089d00000, 0x0000000089d00000| Untracked 
| 158|0x0000000089e00000, 0x0000000089e00000, 0x0000000089f00000|  0%| F|  |TAMS 0x0000000089e00000, 0x0000000089e00000| Untracked 
| 159|0x0000000089f00000, 0x0000000089f00000, 0x000000008a000000|  0%| F|  |TAMS 0x0000000089f00000, 0x0000000089f00000| Untracked 
| 160|0x000000008a000000, 0x000000008a000000, 0x000000008a100000|  0%| F|  |TAMS 0x000000008a000000, 0x000000008a000000| Untracked 
| 161|0x000000008a100000, 0x000000008a100000, 0x000000008a200000|  0%| F|  |TAMS 0x000000008a100000, 0x000000008a100000| Untracked 
| 162|0x000000008a200000, 0x000000008a200000, 0x000000008a300000|  0%| F|  |TAMS 0x000000008a200000, 0x000000008a200000| Untracked 
| 163|0x000000008a300000, 0x000000008a300000, 0x000000008a400000|  0%| F|  |TAMS 0x000000008a300000, 0x000000008a300000| Untracked 
| 164|0x000000008a400000, 0x000000008a400000, 0x000000008a500000|  0%| F|  |TAMS 0x000000008a400000, 0x000000008a400000| Untracked 
| 165|0x000000008a500000, 0x000000008a500000, 0x000000008a600000|  0%| F|  |TAMS 0x000000008a500000, 0x000000008a500000| Untracked 
| 166|0x000000008a600000, 0x000000008a600000, 0x000000008a700000|  0%| F|  |TAMS 0x000000008a600000, 0x000000008a600000| Untracked 
| 167|0x000000008a700000, 0x000000008a700000, 0x000000008a800000|  0%| F|  |TAMS 0x000000008a700000, 0x000000008a700000| Untracked 
| 168|0x000000008a800000, 0x000000008a800000, 0x000000008a900000|  0%| F|  |TAMS 0x000000008a800000, 0x000000008a800000| Untracked 
| 169|0x000000008a900000, 0x000000008a900000, 0x000000008aa00000|  0%| F|  |TAMS 0x000000008a900000, 0x000000008a900000| Untracked 
| 170|0x000000008aa00000, 0x000000008aa00000, 0x000000008ab00000|  0%| F|  |TAMS 0x000000008aa00000, 0x000000008aa00000| Untracked 
| 171|0x000000008ab00000, 0x000000008ab00000, 0x000000008ac00000|  0%| F|  |TAMS 0x000000008ab00000, 0x000000008ab00000| Untracked 
| 172|0x000000008ac00000, 0x000000008ac00000, 0x000000008ad00000|  0%| F|  |TAMS 0x000000008ac00000, 0x000000008ac00000| Untracked 
| 173|0x000000008ad00000, 0x000000008ad00000, 0x000000008ae00000|  0%| F|  |TAMS 0x000000008ad00000, 0x000000008ad00000| Untracked 
| 174|0x000000008ae00000, 0x000000008ae00000, 0x000000008af00000|  0%| F|  |TAMS 0x000000008ae00000, 0x000000008ae00000| Untracked 
| 175|0x000000008af00000, 0x000000008af00000, 0x000000008b000000|  0%| F|  |TAMS 0x000000008af00000, 0x000000008af00000| Untracked 
| 176|0x000000008b000000, 0x000000008b000000, 0x000000008b100000|  0%| F|  |TAMS 0x000000008b000000, 0x000000008b000000| Untracked 
| 177|0x000000008b100000, 0x000000008b100000, 0x000000008b200000|  0%| F|  |TAMS 0x000000008b100000, 0x000000008b100000| Untracked 
| 178|0x000000008b200000, 0x000000008b200000, 0x000000008b300000|  0%| F|  |TAMS 0x000000008b200000, 0x000000008b200000| Untracked 
| 179|0x000000008b300000, 0x000000008b300000, 0x000000008b400000|  0%| F|  |TAMS 0x000000008b300000, 0x000000008b300000| Untracked 
| 180|0x000000008b400000, 0x000000008b44b180, 0x000000008b500000| 29%| S|CS|TAMS 0x000000008b400000, 0x000000008b400000| Complete 
| 181|0x000000008b500000, 0x000000008b600000, 0x000000008b600000|100%| S|CS|TAMS 0x000000008b500000, 0x000000008b500000| Complete 
| 182|0x000000008b600000, 0x000000008b700000, 0x000000008b700000|100%| S|CS|TAMS 0x000000008b600000, 0x000000008b600000| Complete 
| 183|0x000000008b700000, 0x000000008b800000, 0x000000008b800000|100%| S|CS|TAMS 0x000000008b700000, 0x000000008b700000| Complete 
| 184|0x000000008b800000, 0x000000008b900000, 0x000000008b900000|100%| S|CS|TAMS 0x000000008b800000, 0x000000008b800000| Complete 
| 185|0x000000008b900000, 0x000000008ba00000, 0x000000008ba00000|100%| S|CS|TAMS 0x000000008b900000, 0x000000008b900000| Complete 
| 186|0x000000008ba00000, 0x000000008ba00000, 0x000000008bb00000|  0%| F|  |TAMS 0x000000008ba00000, 0x000000008ba00000| Untracked 
| 187|0x000000008bb00000, 0x000000008bb00000, 0x000000008bc00000|  0%| F|  |TAMS 0x000000008bb00000, 0x000000008bb00000| Untracked 
| 188|0x000000008bc00000, 0x000000008bc00000, 0x000000008bd00000|  0%| F|  |TAMS 0x000000008bc00000, 0x000000008bc00000| Untracked 
| 189|0x000000008bd00000, 0x000000008bd00000, 0x000000008be00000|  0%| F|  |TAMS 0x000000008bd00000, 0x000000008bd00000| Untracked 
| 190|0x000000008be00000, 0x000000008be00000, 0x000000008bf00000|  0%| F|  |TAMS 0x000000008be00000, 0x000000008be00000| Untracked 
| 191|0x000000008bf00000, 0x000000008bf00000, 0x000000008c000000|  0%| F|  |TAMS 0x000000008bf00000, 0x000000008bf00000| Untracked 
| 192|0x000000008c000000, 0x000000008c000000, 0x000000008c100000|  0%| F|  |TAMS 0x000000008c000000, 0x000000008c000000| Untracked 
| 193|0x000000008c100000, 0x000000008c100000, 0x000000008c200000|  0%| F|  |TAMS 0x000000008c100000, 0x000000008c100000| Untracked 
| 194|0x000000008c200000, 0x000000008c200000, 0x000000008c300000|  0%| F|  |TAMS 0x000000008c200000, 0x000000008c200000| Untracked 
| 195|0x000000008c300000, 0x000000008c300000, 0x000000008c400000|  0%| F|  |TAMS 0x000000008c300000, 0x000000008c300000| Untracked 
| 196|0x000000008c400000, 0x000000008c400000, 0x000000008c500000|  0%| F|  |TAMS 0x000000008c400000, 0x000000008c400000| Untracked 
| 197|0x000000008c500000, 0x000000008c500000, 0x000000008c600000|  0%| F|  |TAMS 0x000000008c500000, 0x000000008c500000| Untracked 
| 198|0x000000008c600000, 0x000000008c600000, 0x000000008c700000|  0%| F|  |TAMS 0x000000008c600000, 0x000000008c600000| Untracked 
| 199|0x000000008c700000, 0x000000008c700000, 0x000000008c800000|  0%| F|  |TAMS 0x000000008c700000, 0x000000008c700000| Untracked 
| 200|0x000000008c800000, 0x000000008c800000, 0x000000008c900000|  0%| F|  |TAMS 0x000000008c800000, 0x000000008c800000| Untracked 
| 201|0x000000008c900000, 0x000000008c900000, 0x000000008ca00000|  0%| F|  |TAMS 0x000000008c900000, 0x000000008c900000| Untracked 
| 202|0x000000008ca00000, 0x000000008ca00000, 0x000000008cb00000|  0%| F|  |TAMS 0x000000008ca00000, 0x000000008ca00000| Untracked 
| 203|0x000000008cb00000, 0x000000008cb00000, 0x000000008cc00000|  0%| F|  |TAMS 0x000000008cb00000, 0x000000008cb00000| Untracked 
| 204|0x000000008cc00000, 0x000000008cc00000, 0x000000008cd00000|  0%| F|  |TAMS 0x000000008cc00000, 0x000000008cc00000| Untracked 
| 205|0x000000008cd00000, 0x000000008cd00000, 0x000000008ce00000|  0%| F|  |TAMS 0x000000008cd00000, 0x000000008cd00000| Untracked 
| 206|0x000000008ce00000, 0x000000008ce00000, 0x000000008cf00000|  0%| F|  |TAMS 0x000000008ce00000, 0x000000008ce00000| Untracked 
| 207|0x000000008cf00000, 0x000000008cf00000, 0x000000008d000000|  0%| F|  |TAMS 0x000000008cf00000, 0x000000008cf00000| Untracked 
| 208|0x000000008d000000, 0x000000008d000000, 0x000000008d100000|  0%| F|  |TAMS 0x000000008d000000, 0x000000008d000000| Untracked 
| 209|0x000000008d100000, 0x000000008d100000, 0x000000008d200000|  0%| F|  |TAMS 0x000000008d100000, 0x000000008d100000| Untracked 
| 210|0x000000008d200000, 0x000000008d200000, 0x000000008d300000|  0%| F|  |TAMS 0x000000008d200000, 0x000000008d200000| Untracked 
| 211|0x000000008d300000, 0x000000008d300000, 0x000000008d400000|  0%| F|  |TAMS 0x000000008d300000, 0x000000008d300000| Untracked 
| 212|0x000000008d400000, 0x000000008d400000, 0x000000008d500000|  0%| F|  |TAMS 0x000000008d400000, 0x000000008d400000| Untracked 
| 213|0x000000008d500000, 0x000000008d500000, 0x000000008d600000|  0%| F|  |TAMS 0x000000008d500000, 0x000000008d500000| Untracked 
| 214|0x000000008d600000, 0x000000008d680800, 0x000000008d700000| 50%| E|  |TAMS 0x000000008d600000, 0x000000008d600000| Complete 
| 215|0x000000008d700000, 0x000000008d800000, 0x000000008d800000|100%| E|CS|TAMS 0x000000008d700000, 0x000000008d700000| Complete 
| 216|0x000000008d800000, 0x000000008d900000, 0x000000008d900000|100%| E|CS|TAMS 0x000000008d800000, 0x000000008d800000| Complete 
| 217|0x000000008d900000, 0x000000008da00000, 0x000000008da00000|100%| E|CS|TAMS 0x000000008d900000, 0x000000008d900000| Complete 
| 218|0x000000008da00000, 0x000000008db00000, 0x000000008db00000|100%| E|CS|TAMS 0x000000008da00000, 0x000000008da00000| Complete 
| 219|0x000000008db00000, 0x000000008dc00000, 0x000000008dc00000|100%| E|CS|TAMS 0x000000008db00000, 0x000000008db00000| Complete 
| 220|0x000000008dc00000, 0x000000008dd00000, 0x000000008dd00000|100%| E|CS|TAMS 0x000000008dc00000, 0x000000008dc00000| Complete 
| 221|0x000000008dd00000, 0x000000008de00000, 0x000000008de00000|100%| E|CS|TAMS 0x000000008dd00000, 0x000000008dd00000| Complete 
| 222|0x000000008de00000, 0x000000008df00000, 0x000000008df00000|100%| E|CS|TAMS 0x000000008de00000, 0x000000008de00000| Complete 
| 223|0x000000008df00000, 0x000000008e000000, 0x000000008e000000|100%| E|CS|TAMS 0x000000008df00000, 0x000000008df00000| Complete 
| 224|0x000000008e000000, 0x000000008e100000, 0x000000008e100000|100%| E|CS|TAMS 0x000000008e000000, 0x000000008e000000| Complete 
| 225|0x000000008e100000, 0x000000008e200000, 0x000000008e200000|100%| E|CS|TAMS 0x000000008e100000, 0x000000008e100000| Complete 
| 226|0x000000008e200000, 0x000000008e300000, 0x000000008e300000|100%| E|CS|TAMS 0x000000008e200000, 0x000000008e200000| Complete 
| 227|0x000000008e300000, 0x000000008e400000, 0x000000008e400000|100%| E|CS|TAMS 0x000000008e300000, 0x000000008e300000| Complete 
| 228|0x000000008e400000, 0x000000008e500000, 0x000000008e500000|100%| E|CS|TAMS 0x000000008e400000, 0x000000008e400000| Complete 
| 229|0x000000008e500000, 0x000000008e600000, 0x000000008e600000|100%| E|CS|TAMS 0x000000008e500000, 0x000000008e500000| Complete 
| 230|0x000000008e600000, 0x000000008e700000, 0x000000008e700000|100%| E|CS|TAMS 0x000000008e600000, 0x000000008e600000| Complete 
| 231|0x000000008e700000, 0x000000008e800000, 0x000000008e800000|100%| E|CS|TAMS 0x000000008e700000, 0x000000008e700000| Complete 
| 232|0x000000008e800000, 0x000000008e900000, 0x000000008e900000|100%| E|CS|TAMS 0x000000008e800000, 0x000000008e800000| Complete 
| 233|0x000000008e900000, 0x000000008ea00000, 0x000000008ea00000|100%| E|CS|TAMS 0x000000008e900000, 0x000000008e900000| Complete 
| 234|0x000000008ea00000, 0x000000008eb00000, 0x000000008eb00000|100%| E|CS|TAMS 0x000000008ea00000, 0x000000008ea00000| Complete 
| 235|0x000000008eb00000, 0x000000008ec00000, 0x000000008ec00000|100%| E|CS|TAMS 0x000000008eb00000, 0x000000008eb00000| Complete 
| 236|0x000000008ec00000, 0x000000008ed00000, 0x000000008ed00000|100%| E|CS|TAMS 0x000000008ec00000, 0x000000008ec00000| Complete 
| 237|0x000000008ed00000, 0x000000008ee00000, 0x000000008ee00000|100%| E|CS|TAMS 0x000000008ed00000, 0x000000008ed00000| Complete 
| 238|0x000000008ee00000, 0x000000008ef00000, 0x000000008ef00000|100%| E|CS|TAMS 0x000000008ee00000, 0x000000008ee00000| Complete 
| 239|0x000000008ef00000, 0x000000008f000000, 0x000000008f000000|100%| E|CS|TAMS 0x000000008ef00000, 0x000000008ef00000| Complete 
| 240|0x000000008f000000, 0x000000008f100000, 0x000000008f100000|100%| E|CS|TAMS 0x000000008f000000, 0x000000008f000000| Complete 
| 241|0x000000008f100000, 0x000000008f200000, 0x000000008f200000|100%| E|CS|TAMS 0x000000008f100000, 0x000000008f100000| Complete 
| 242|0x000000008f200000, 0x000000008f300000, 0x000000008f300000|100%| E|CS|TAMS 0x000000008f200000, 0x000000008f200000| Complete 
| 243|0x000000008f300000, 0x000000008f400000, 0x000000008f400000|100%| E|CS|TAMS 0x000000008f300000, 0x000000008f300000| Complete 
| 244|0x000000008f400000, 0x000000008f500000, 0x000000008f500000|100%| E|CS|TAMS 0x000000008f400000, 0x000000008f400000| Complete 
| 245|0x000000008f500000, 0x000000008f600000, 0x000000008f600000|100%| E|CS|TAMS 0x000000008f500000, 0x000000008f500000| Complete 
| 246|0x000000008f600000, 0x000000008f700000, 0x000000008f700000|100%| E|CS|TAMS 0x000000008f600000, 0x000000008f600000| Complete 
| 247|0x000000008f700000, 0x000000008f800000, 0x000000008f800000|100%| E|  |TAMS 0x000000008f700000, 0x000000008f700000| Complete 
| 248|0x000000008f800000, 0x000000008f900000, 0x000000008f900000|100%| E|CS|TAMS 0x000000008f800000, 0x000000008f800000| Complete 
| 249|0x000000008f900000, 0x000000008fa00000, 0x000000008fa00000|100%| E|CS|TAMS 0x000000008f900000, 0x000000008f900000| Complete 
| 250|0x000000008fa00000, 0x000000008fb00000, 0x000000008fb00000|100%| E|CS|TAMS 0x000000008fa00000, 0x000000008fa00000| Complete 
| 251|0x000000008fb00000, 0x000000008fc00000, 0x000000008fc00000|100%| E|CS|TAMS 0x000000008fb00000, 0x000000008fb00000| Complete 
| 252|0x000000008fc00000, 0x000000008fd00000, 0x000000008fd00000|100%| E|CS|TAMS 0x000000008fc00000, 0x000000008fc00000| Complete 
| 253|0x000000008fd00000, 0x000000008fe00000, 0x000000008fe00000|100%| E|CS|TAMS 0x000000008fd00000, 0x000000008fd00000| Complete 

Card table byte_map: [0x00000140fb220000,0x00000140fb620000] _byte_map_base: 0x00000140fae20000

Marking Bits (Prev, Next): (CMBitMap*) 0x00000140e7ac24b8, (CMBitMap*) 0x00000140e7ac24f0
 Prev Bits: [0x00000140fba20000, 0x00000140fda20000)
 Next Bits: [0x00000140fda20000, 0x00000140ffa20000)

Polling page: 0x00000140e59c0000

Metaspace:

Usage:
  Non-class:     33.31 MB capacity,    32.73 MB ( 98%) used,   500.03 KB (  1%) free+waste,    87.63 KB ( <1%) overhead. 
      Class:      5.05 MB capacity,     4.75 MB ( 94%) used,   265.04 KB (  5%) free+waste,    42.00 KB ( <1%) overhead. 
       Both:     38.36 MB capacity,    37.49 MB ( 98%) used,   765.07 KB (  2%) free+waste,   129.63 KB ( <1%) overhead. 

Virtual space:
  Non-class space:       34.00 MB reserved,      33.33 MB ( 98%) committed 
      Class space:        1.00 GB reserved,       5.13 MB ( <1%) committed 
             Both:        1.03 GB reserved,      38.45 MB (  4%) committed 

Chunk freelists:
   Non-Class:  20.00 KB
       Class:  12.00 KB
        Both:  32.00 KB

MaxMetaspaceSize: 17179869184.00 GB
CompressedClassSpaceSize: 1.00 GB
Initial GC threshold: 20.80 MB
Current GC threshold: 58.88 MB
CDS: off

CodeHeap 'non-profiled nmethods': size=119168Kb used=1921Kb max_used=1921Kb free=117246Kb
 bounds [0x00000140f3140000, 0x00000140f33b0000, 0x00000140fa5a0000]
CodeHeap 'profiled nmethods': size=119168Kb used=7869Kb max_used=7869Kb free=111298Kb
 bounds [0x00000140ebce0000, 0x00000140ec490000, 0x00000140f3140000]
CodeHeap 'non-nmethods': size=7424Kb used=3274Kb max_used=3301Kb free=4149Kb
 bounds [0x00000140eb5a0000, 0x00000140eb960000, 0x00000140ebce0000]
 total_blobs=4258 nmethods=3631 adapters=536
 compilation: enabled
              stopped_count=0, restarted_count=0
 full_count=0

Compilation events (20 events):
Event: 3.198 Thread 0x0000014083f38000 nmethod 3536 0x00000140f330d190 code [0x00000140f330d320, 0x00000140f330d418]
Event: 3.198 Thread 0x0000014083f38000 3535  s    4       java.io.BufferedInputStream::read (113 bytes)
Event: 3.198 Thread 0x0000014083feb000 nmethod 3543 0x00000140ec455810 code [0x00000140ec4559e0, 0x00000140ec455d18]
Event: 3.198 Thread 0x000001408333f800 3544       3       com.google.common.io.CountingInputStream::read (25 bytes)
Event: 3.198 Thread 0x0000014083466800 3545       3       org.gradle.cache.internal.btree.FreeListBlockStore$FreeListEntry::<init> (7 bytes)
Event: 3.198 Thread 0x0000014086267000 3546       3       org.gradle.cache.internal.btree.FreeListBlockStore$FreeListEntry::<init> (15 bytes)
Event: 3.199 Thread 0x000001408333f800 nmethod 3544 0x00000140ec455e10 code [0x00000140ec455fc0, 0x00000140ec4561e8]
Event: 3.199 Thread 0x0000014086267000 nmethod 3546 0x00000140ec456310 code [0x00000140ec4564c0, 0x00000140ec456678]
Event: 3.199 Thread 0x0000014083466800 nmethod 3545 0x00000140ec456710 code [0x00000140ec4568c0, 0x00000140ec456ad8]
Event: 3.204 Thread 0x0000014083f38000 nmethod 3535 0x00000140f330d510 code [0x00000140f330d700, 0x00000140f330e450]
Event: 3.205 Thread 0x0000014083f38000 3547  s    4       java.io.BufferedInputStream::read (49 bytes)
Event: 3.206 Thread 0x0000014083feb000 3548       3       java.util.LinkedHashMap::<init> (11 bytes)
Event: 3.206 Thread 0x0000014083feb000 nmethod 3548 0x00000140ec456c10 code [0x00000140ec456e00, 0x00000140ec456fa8]
Event: 3.206 Thread 0x0000014083f38000 nmethod 3547 0x00000140f330ea10 code [0x00000140f330ebc0, 0x00000140f330efe8]
Event: 3.206 Thread 0x0000014083f38000 3527       4       java.io.BufferedInputStream::getBufIfOpen (21 bytes)
Event: 3.206 Thread 0x0000014083f38000 nmethod 3527 0x00000140f330f110 code [0x00000140f330f2a0, 0x00000140f330f318]
Event: 3.206 Thread 0x0000014083f38000 3534       4       java.io.BufferedInputStream::read1 (108 bytes)
Event: 3.208 Thread 0x0000014083f38000 nmethod 3534 0x00000140f330f410 code [0x00000140f330f5c0, 0x00000140f330f7f8]
Event: 3.208 Thread 0x0000014083f38000 3503       4       java.lang.invoke.LambdaForm$MH/0x0000000100060440::invoke (8 bytes)
Event: 3.208 Thread 0x0000014083f38000 nmethod 3503 0x00000140f330fa10 code [0x00000140f330fba0, 0x00000140f330fc18]

GC Heap History (8 events):
Event: 0.398 GC heap before
{Heap before GC invocations=0 (full 0):
 garbage-first heap   total 260096K, used 29696K [0x0000000080000000, 0x0000000100000000)
  region size 1024K, 24 young (24576K), 0 survivors (0K)
 Metaspace       used 10227K, capacity 10519K, committed 10624K, reserved 1058816K
  class space    used 1044K, capacity 1106K, committed 1152K, reserved 1048576K
}
Event: 0.401 GC heap after
{Heap after GC invocations=1 (full 0):
 garbage-first heap   total 260096K, used 9866K [0x0000000080000000, 0x0000000100000000)
  region size 1024K, 3 young (3072K), 3 survivors (3072K)
 Metaspace       used 10227K, capacity 10519K, committed 10624K, reserved 1058816K
  class space    used 1044K, capacity 1106K, committed 1152K, reserved 1048576K
}
Event: 1.285 GC heap before
{Heap before GC invocations=1 (full 0):
 garbage-first heap   total 260096K, used 113290K [0x0000000080000000, 0x0000000100000000)
  region size 1024K, 105 young (107520K), 3 survivors (3072K)
 Metaspace       used 20772K, capacity 21201K, committed 21296K, reserved 1069056K
  class space    used 2508K, capacity 2648K, committed 2688K, reserved 1048576K
}
Event: 1.291 GC heap after
{Heap after GC invocations=2 (full 0):
 garbage-first heap   total 260096K, used 17102K [0x0000000080000000, 0x0000000100000000)
  region size 1024K, 11 young (11264K), 11 survivors (11264K)
 Metaspace       used 20772K, capacity 21201K, committed 21296K, reserved 1069056K
  class space    used 2508K, capacity 2648K, committed 2688K, reserved 1048576K
}
Event: 1.595 GC heap before
{Heap before GC invocations=3 (full 0):
 garbage-first heap   total 260096K, used 65230K [0x0000000080000000, 0x0000000100000000)
  region size 1024K, 58 young (59392K), 11 survivors (11264K)
 Metaspace       used 25520K, capacity 26067K, committed 26160K, reserved 1073152K
  class space    used 3236K, capacity 3424K, committed 3456K, reserved 1048576K
}
Event: 1.599 GC heap after
{Heap after GC invocations=4 (full 0):
 garbage-first heap   total 260096K, used 19063K [0x0000000080000000, 0x0000000100000000)
  region size 1024K, 3 young (3072K), 3 survivors (3072K)
 Metaspace       used 25520K, capacity 26067K, committed 26160K, reserved 1073152K
  class space    used 3236K, capacity 3424K, committed 3456K, reserved 1048576K
}
Event: 2.149 GC heap before
{Heap before GC invocations=4 (full 0):
 garbage-first heap   total 260096K, used 84599K [0x0000000080000000, 0x0000000100000000)
  region size 1024K, 68 young (69632K), 3 survivors (3072K)
 Metaspace       used 34994K, capacity 35778K, committed 35920K, reserved 1081344K
  class space    used 4459K, capacity 4775K, committed 4864K, reserved 1048576K
}
Event: 2.156 GC heap after
{Heap after GC invocations=5 (full 0):
 garbage-first heap   total 260096K, used 22168K [0x0000000080000000, 0x0000000100000000)
  region size 1024K, 6 young (6144K), 6 survivors (6144K)
 Metaspace       used 34994K, capacity 35778K, committed 35920K, reserved 1081344K
  class space    used 4459K, capacity 4775K, committed 4864K, reserved 1048576K
}

Deoptimization events (20 events):
Event: 3.121 Thread 0x00000140861e3000 Uncommon trap: trap_request=0xffffffbe fr.pc=0x00000140f32fc0a0 relative=0x0000000000000940
Event: 3.121 Thread 0x00000140861e3000 Uncommon trap: reason=profile_predicate action=maybe_recompile pc=0x00000140f32fc0a0 method=jdk.internal.jimage.ImageStringsReader.charsFromByteBuffer([CLjava/nio/ByteBuffer;)V @ 6 c2
Event: 3.121 Thread 0x00000140861e3000 DEOPT PACKING pc=0x00000140f32fc0a0 sp=0x00000010786f8cc0
Event: 3.121 Thread 0x00000140861e3000 DEOPT UNPACKING pc=0x00000140eb5ea1af sp=0x00000010786f8b98 mode 2
Event: 3.122 Thread 0x00000140861e3000 Uncommon trap: trap_request=0xffffffbe fr.pc=0x00000140f32fe4c4 relative=0x00000000000009c4
Event: 3.122 Thread 0x00000140861e3000 Uncommon trap: reason=profile_predicate action=maybe_recompile pc=0x00000140f32fe4c4 method=jdk.internal.jimage.ImageStringsReader.charsFromByteBuffer([CLjava/nio/ByteBuffer;)V @ 6 c2
Event: 3.122 Thread 0x00000140861e3000 DEOPT PACKING pc=0x00000140f32fe4c4 sp=0x00000010786f8da0
Event: 3.122 Thread 0x00000140861e3000 DEOPT UNPACKING pc=0x00000140eb5ea1af sp=0x00000010786f8ba8 mode 2
Event: 3.135 Thread 0x00000140861e3000 Uncommon trap: trap_request=0xffffffbe fr.pc=0x00000140f32c8bd8 relative=0x0000000000003cb8
Event: 3.135 Thread 0x00000140861e3000 Uncommon trap: reason=profile_predicate action=maybe_recompile pc=0x00000140f32c8bd8 method=java.util.AbstractCollection.addAll(Ljava/util/Collection;)Z @ 15 c2
Event: 3.135 Thread 0x00000140861e3000 DEOPT PACKING pc=0x00000140f32c8bd8 sp=0x00000010786fa910
Event: 3.135 Thread 0x00000140861e3000 DEOPT UNPACKING pc=0x00000140eb5ea1af sp=0x00000010786fa928 mode 2
Event: 3.204 Thread 0x00000140861e3000 Uncommon trap: trap_request=0xffffff4d fr.pc=0x00000140f31cca94 relative=0x0000000000001cb4
Event: 3.204 Thread 0x00000140861e3000 Uncommon trap: reason=unstable_if action=reinterpret pc=0x00000140f31cca94 method=java.util.zip.ZipFile$Source.initCEN(ILjava/util/zip/ZipCoder;)V @ 621 c2
Event: 3.204 Thread 0x00000140861e3000 DEOPT PACKING pc=0x00000140f31cca94 sp=0x00000010786f5170
Event: 3.204 Thread 0x00000140861e3000 DEOPT UNPACKING pc=0x00000140eb5ea1af sp=0x00000010786f5140 mode 2
Event: 3.205 Thread 0x00000140861e3000 Uncommon trap: trap_request=0xffffff4d fr.pc=0x00000140f3295000 relative=0x0000000000000720
Event: 3.205 Thread 0x00000140861e3000 Uncommon trap: reason=unstable_if action=reinterpret pc=0x00000140f3295000 method=java.lang.Class.getPackageName()Ljava/lang/String; @ 55 c2
Event: 3.205 Thread 0x00000140861e3000 DEOPT PACKING pc=0x00000140f3295000 sp=0x00000010786f8ba0
Event: 3.205 Thread 0x00000140861e3000 DEOPT UNPACKING pc=0x00000140eb5ea1af sp=0x00000010786f8b60 mode 2

Classes redefined (0 events):
No events

Internal exceptions (20 events):
Event: 2.057 Thread 0x00000140861e3000 Exception <a 'java/lang/NoSuchMethodError'{0x000000008bf67200}: 'int java.lang.invoke.DirectMethodHandle$Holder.invokeStaticInit(java.lang.Object, java.lang.Object, java.lang.Object, java.lang.Object)'> (0x000000008bf67200) thrown at [./src/hotspot/share/interpreter/linkResolver.cpp, line 773]
Event: 2.221 Thread 0x00000140861e3000 Exception <a 'java/lang/NoSuchMethodError'{0x000000008fb68f98}: 'java.lang.Object java.lang.invoke.DirectMethodHandle$Holder.invokeStatic(java.lang.Object, java.lang.Object, java.lang.Object, java.lang.Object, java.lang.Object, java.lang.Object, java.lang.Object, java.lang.Object, java.lang.Object, java.lang.Object, java.lang.Object, int)'> (0x000000008fb68f98) thrown at [./src/hotspot/share/interpreter/linkResolver.cpp, line 773]
Event: 2.223 Thread 0x00000140861e3000 Exception <a 'java/lang/NoSuchMethodError'{0x000000008fbeadc0}: 'java.lang.Object java.lang.invoke.DirectMethodHandle$Holder.invokeStatic(java.lang.Object, java.lang.Object, java.lang.Object, java.lang.Object, java.lang.Object, java.lang.Object, java.lang.Object, java.lang.Object, java.lang.Object, java.lang.Object, java.lang.Object, int, int)'> (0x000000008fbeadc0) thrown at [./src/hotspot/share/interpreter/linkResolver.cpp, line 773]
Event: 2.224 Thread 0x00000140861e3000 Exception <a 'java/lang/NoSuchMethodError'{0x000000008fa0aac0}: 'java.lang.Object java.lang.invoke.DirectMethodHandle$Holder.invokeStatic(java.lang.Object, java.lang.Object, java.lang.Object, java.lang.Object, java.lang.Object, java.lang.Object, java.lang.Object, java.lang.Object, java.lang.Object, java.lang.Object, java.lang.Object, int, int, java.lang.Object)'> (0x000000008fa0aac0) thrown at [./src/hotspot/share/interpreter/linkResolver.cpp, line 773]
Event: 2.225 Thread 0x00000140861e3000 Exception <a 'java/lang/NoSuchMethodError'{0x000000008fa2bbb8}: 'java.lang.Object java.lang.invoke.DirectMethodHandle$Holder.invokeStatic(java.lang.Object, java.lang.Object, java.lang.Object, java.lang.Object, java.lang.Object, java.lang.Object, java.lang.Object, java.lang.Object, java.lang.Object, java.lang.Object, java.lang.Object, int, int, java.lang.Object, java.lang.Object)'> (0x000000008fa2bbb8) thrown at [./src/hotspot/share/interpreter/linkResolver.cpp, line 773]
Event: 2.227 Thread 0x00000140861e3000 Exception <a 'java/lang/ClassNotFoundException'{0x000000008fa5b700}: groovy/lang/ExpandoMetaClassBeanInfo> (0x000000008fa5b700) thrown at [./src/hotspot/share/classfile/systemDictionary.cpp, line 231]
Event: 2.228 Thread 0x00000140861e3000 Exception <a 'java/lang/ClassNotFoundException'{0x000000008fa7b6c0}: groovy/lang/MetaClassImplBeanInfo> (0x000000008fa7b6c0) thrown at [./src/hotspot/share/classfile/systemDictionary.cpp, line 231]
Event: 2.228 Thread 0x00000140861e3000 Exception <a 'java/lang/ClassNotFoundException'{0x000000008fa84bd8}: java/lang/ObjectBeanInfo> (0x000000008fa84bd8) thrown at [./src/hotspot/share/classfile/systemDictionary.cpp, line 231]
Event: 2.229 Thread 0x00000140861e3000 Exception <a 'java/lang/ClassNotFoundException'{0x000000008fa902d0}: java/lang/ObjectCustomizer> (0x000000008fa902d0) thrown at [./src/hotspot/share/classfile/systemDictionary.cpp, line 231]
Event: 2.232 Thread 0x00000140861e3000 Exception <a 'java/lang/ClassNotFoundException'{0x000000008fab7308}: groovy/lang/MetaClassImplCustomizer> (0x000000008fab7308) thrown at [./src/hotspot/share/classfile/systemDictionary.cpp, line 231]
Event: 2.233 Thread 0x00000140861e3000 Exception <a 'java/lang/ClassNotFoundException'{0x000000008faf5cb8}: groovy/lang/ExpandoMetaClassCustomizer> (0x000000008faf5cb8) thrown at [./src/hotspot/share/classfile/systemDictionary.cpp, line 231]
Event: 3.133 Thread 0x00000140861e3000 Exception <a 'java/lang/ClassNotFoundException'{0x000000008e04c708}: org/gradle/internal/extensibility/DefaultExtraPropertiesExtensionBeanInfo> (0x000000008e04c708) thrown at [./src/hotspot/share/classfile/systemDictionary.cpp, line 231]
Event: 3.133 Thread 0x00000140861e3000 Exception <a 'java/lang/ClassNotFoundException'{0x000000008e06d918}: groovy/lang/GroovyObjectSupportBeanInfo> (0x000000008e06d918) thrown at [./src/hotspot/share/classfile/systemDictionary.cpp, line 231]
Event: 3.134 Thread 0x00000140861e3000 Exception <a 'java/lang/ClassNotFoundException'{0x000000008e08f088}: groovy/lang/GroovyObjectSupportCustomizer> (0x000000008e08f088) thrown at [./src/hotspot/share/classfile/systemDictionary.cpp, line 231]
Event: 3.135 Thread 0x00000140861e3000 Exception <a 'java/lang/ClassNotFoundException'{0x000000008e0b5860}: org/gradle/internal/extensibility/DefaultExtraPropertiesExtensionCustomizer> (0x000000008e0b5860) thrown at [./src/hotspot/share/classfile/systemDictionary.cpp, line 231]
Event: 3.185 Thread 0x00000140861e3000 Exception <a 'java/lang/NoSuchMethodError'{0x000000008dd1ac80}: 'int java.lang.invoke.DirectMethodHandle$Holder.invokeStatic(java.lang.Object, java.lang.Object, java.lang.Object, java.lang.Object, java.lang.Object)'> (0x000000008dd1ac80) thrown at [./src/hotspot/share/interpreter/linkResolver.cpp, line 773]
Event: 3.191 Thread 0x00000140861e3000 Exception <a 'java/lang/NoSuchMethodError'{0x000000008dcc2f28}: 'void java.lang.invoke.DirectMethodHandle$Holder.invokeSpecial(java.lang.Object, java.lang.Object, java.lang.Object, java.lang.Object, java.lang.Object)'> (0x000000008dcc2f28) thrown at [./src/hotspot/share/interpreter/linkResolver.cpp, line 773]
Event: 3.195 Thread 0x00000140861e3000 Exception <a 'java/lang/NoSuchMethodError'{0x000000008db1d8c8}: 'java.lang.Object java.lang.invoke.DirectMethodHandle$Holder.invokeStatic(java.lang.Object, java.lang.Object, int, java.lang.Object)'> (0x000000008db1d8c8) thrown at [./src/hotspot/share/interpreter/linkResolver.cpp, line 773]
Event: 3.196 Thread 0x00000140861e3000 Exception <a 'java/lang/NoSuchMethodError'{0x000000008db27d10}: 'java.lang.Object java.lang.invoke.Invokers$Holder.linkToTargetMethod(java.lang.Object, int, java.lang.Object, java.lang.Object)'> (0x000000008db27d10) thrown at [./src/hotspot/share/interpreter/linkResolver.cpp, line 773]
Event: 3.204 Thread 0x00000140861e3000 Implicit null exception at 0x00000140f31cbed0 to 0x00000140f31cca75

Events (20 events):
Event: 3.206 loading class groovy/lang/GroovyObject
Event: 3.206 loading class groovy/lang/GroovyObject done
Event: 3.206 loading class groovy/lang/MetaClass
Event: 3.206 loading class groovy/lang/MetaClass done
Event: 3.206 loading class org/codehaus/groovy/runtime/callsite/CallSiteArray
Event: 3.206 loading class org/codehaus/groovy/runtime/callsite/CallSiteArray done
Event: 3.206 loading class org/codehaus/groovy/runtime/callsite/CallSite
Event: 3.206 loading class org/codehaus/groovy/runtime/callsite/CallSite done
Event: 3.206 loading class org/codehaus/groovy/reflection/ClassInfo
Event: 3.206 loading class org/codehaus/groovy/reflection/ClassInfo done
Event: 3.206 loading class org/gradle/plugin/use/internal/PluginRequestCollector
Event: 3.206 loading class org/gradle/plugin/use/internal/PluginRequestCollector done
Event: 3.207 loading class org/gradle/api/resources/ResourceHandler
Event: 3.207 loading class org/gradle/api/resources/ResourceHandler done
Event: 3.207 loading class org/gradle/process/ExecResult
Event: 3.207 loading class org/gradle/process/ExecResult done
Event: 3.207 loading class org/gradle/groovy/scripts/BasicScript$ScriptDynamicObject
Event: 3.207 loading class org/gradle/groovy/scripts/BasicScript$ScriptDynamicObject done
Event: 3.208 loading class groovy/lang/Binding
Event: 3.208 loading class groovy/lang/Binding done


Dynamic libraries:
0x00007ff70f960000 - 0x00007ff70f96a000 	C:\Program Files\Android\Android Studio1\jre\bin\java.exe
0x00007fffa5a50000 - 0x00007fffa5c48000 	C:\WINDOWS\SYSTEM32\ntdll.dll
0x00007fffa4330000 - 0x00007fffa43ef000 	C:\WINDOWS\System32\KERNEL32.DLL
0x00007fffa3250000 - 0x00007fffa3522000 	C:\WINDOWS\System32\KERNELBASE.dll
0x00007fffa3150000 - 0x00007fffa3250000 	C:\WINDOWS\System32\ucrtbase.dll
0x00007fff99be0000 - 0x00007fff99bf9000 	C:\Program Files\Android\Android Studio1\jre\bin\jli.dll
0x00007fffa0900000 - 0x00007fffa0917000 	C:\Program Files\Android\Android Studio1\jre\bin\VCRUNTIME140.dll
0x00007fffa3cc0000 - 0x00007fffa3e61000 	C:\WINDOWS\System32\USER32.dll
0x00007fffa3760000 - 0x00007fffa3782000 	C:\WINDOWS\System32\win32u.dll
0x00007fffa4760000 - 0x00007fffa478b000 	C:\WINDOWS\System32\GDI32.dll
0x00007fff905d0000 - 0x00007fff9086a000 	C:\WINDOWS\WinSxS\amd64_microsoft.windows.common-controls_6595b64144ccf1df_6.0.19041.1110_none_60b5254171f9507e\COMCTL32.dll
0x00007fffa38f0000 - 0x00007fffa39ff000 	C:\WINDOWS\System32\gdi32full.dll
0x00007fffa3a00000 - 0x00007fffa3a9d000 	C:\WINDOWS\System32\msvcp_win.dll
0x00007fffa43f0000 - 0x00007fffa448e000 	C:\WINDOWS\System32\msvcrt.dll
0x00007fffa3e70000 - 0x00007fffa3ea0000 	C:\WINDOWS\System32\IMM32.DLL
0x00007fff8bf00000 - 0x00007fff8bf9d000 	C:\Program Files\Android\Android Studio1\jre\bin\msvcp140.dll
0x00007fff3a630000 - 0x00007fff3b132000 	C:\Program Files\Android\Android Studio1\jre\bin\server\jvm.dll
0x00007fffa4a40000 - 0x00007fffa4aee000 	C:\WINDOWS\System32\ADVAPI32.dll
0x00007fffa46c0000 - 0x00007fffa475c000 	C:\WINDOWS\System32\sechost.dll
0x00007fffa3ea0000 - 0x00007fffa3fc4000 	C:\WINDOWS\System32\RPCRT4.dll
0x00007fffa3cb0000 - 0x00007fffa3cb8000 	C:\WINDOWS\System32\PSAPI.DLL
0x00007fff9e420000 - 0x00007fff9e429000 	C:\WINDOWS\SYSTEM32\WSOCK32.dll
0x00007fff9d5c0000 - 0x00007fff9d5ca000 	C:\WINDOWS\SYSTEM32\VERSION.dll
0x00007fff99960000 - 0x00007fff99987000 	C:\WINDOWS\SYSTEM32\WINMM.dll
0x00007fffa4920000 - 0x00007fffa498b000 	C:\WINDOWS\System32\WS2_32.dll
0x00007fffa1030000 - 0x00007fffa1042000 	C:\WINDOWS\SYSTEM32\kernel.appcore.dll
0x00007fff8ded0000 - 0x00007fff8dee1000 	C:\Program Files\Android\Android Studio1\jre\bin\verify.dll
0x00007fff97fd0000 - 0x00007fff981b4000 	C:\WINDOWS\SYSTEM32\DBGHELP.DLL
0x00007fff90a70000 - 0x00007fff90aa5000 	C:\WINDOWS\SYSTEM32\dbgcore.DLL
0x00007fffa35f0000 - 0x00007fffa3672000 	C:\WINDOWS\System32\bcryptPrimitives.dll
0x00007fff8c430000 - 0x00007fff8c459000 	C:\Program Files\Android\Android Studio1\jre\bin\java.dll
0x00007fff98d70000 - 0x00007fff98d7b000 	C:\Program Files\Android\Android Studio1\jre\bin\jimage.dll
0x00007fff8deb0000 - 0x00007fff8dec8000 	C:\Program Files\Android\Android Studio1\jre\bin\zip.dll
0x00007fffa4af0000 - 0x00007fffa5235000 	C:\WINDOWS\System32\SHELL32.dll
0x00007fffa1230000 - 0x00007fffa19c2000 	C:\WINDOWS\SYSTEM32\windows.storage.dll
0x00007fffa3fd0000 - 0x00007fffa4325000 	C:\WINDOWS\System32\combase.dll
0x00007fffa2bb0000 - 0x00007fffa2be0000 	C:\WINDOWS\SYSTEM32\Wldp.dll
0x00007fffa44f0000 - 0x00007fffa459d000 	C:\WINDOWS\System32\SHCORE.dll
0x00007fffa4650000 - 0x00007fffa46a5000 	C:\WINDOWS\System32\shlwapi.dll
0x00007fffa3090000 - 0x00007fffa30af000 	C:\WINDOWS\SYSTEM32\profapi.dll
0x00007fff8c720000 - 0x00007fff8c73a000 	C:\Program Files\Android\Android Studio1\jre\bin\net.dll
0x00007fff9ca80000 - 0x00007fff9cb8a000 	C:\WINDOWS\SYSTEM32\WINHTTP.dll
0x00007fffa2910000 - 0x00007fffa297a000 	C:\WINDOWS\system32\mswsock.dll
0x00007fff8bb80000 - 0x00007fff8bb94000 	C:\Program Files\Android\Android Studio1\jre\bin\nio.dll
0x00007fff95800000 - 0x00007fff95827000 	C:\Users\pc\.gradle\native\e1d6ef7f7dcc3fd88c89a11ec53ec762bb8ba0a96d01ffa2cd45eb1d1d8dd5c5\windows-amd64\native-platform.dll
0x00007fff8bc50000 - 0x00007fff8bd94000 	C:\Users\pc\.gradle\native\5664cfc778a61ccfe75a443a1ab52a65af34e5dc3c78e0209fed803814484fcb\windows-amd64\native-platform-file-events.dll
0x00007fff97300000 - 0x00007fff9730a000 	C:\Program Files\Android\Android Studio1\jre\bin\management.dll
0x00007fff8fe70000 - 0x00007fff8fe7d000 	C:\Program Files\Android\Android Studio1\jre\bin\management_ext.dll
0x00007fffa2b10000 - 0x00007fffa2b28000 	C:\WINDOWS\SYSTEM32\CRYPTSP.dll
0x00007fffa2140000 - 0x00007fffa2174000 	C:\WINDOWS\system32\rsaenh.dll
0x00007fffa3680000 - 0x00007fffa36a7000 	C:\WINDOWS\System32\bcrypt.dll
0x00007fffa3050000 - 0x00007fffa307e000 	C:\WINDOWS\SYSTEM32\USERENV.dll
0x00007fffa2b00000 - 0x00007fffa2b0c000 	C:\WINDOWS\SYSTEM32\CRYPTBASE.dll
0x00007fffa2590000 - 0x00007fffa25cb000 	C:\WINDOWS\SYSTEM32\IPHLPAPI.DLL
0x00007fffa4990000 - 0x00007fffa4998000 	C:\WINDOWS\System32\NSI.dll
0x00007fff9d5d0000 - 0x00007fff9d5e7000 	C:\WINDOWS\SYSTEM32\dhcpcsvc6.DLL
0x00007fff9d730000 - 0x00007fff9d74d000 	C:\WINDOWS\SYSTEM32\dhcpcsvc.DLL
0x00007fffa25d0000 - 0x00007fffa269b000 	C:\WINDOWS\SYSTEM32\DNSAPI.dll

dbghelp: loaded successfully - version: 4.0.5 - missing functions: none
symbol engine: initialized successfully - sym options: 0x614 - pdb path: .;C:\Program Files\Android\Android Studio1\jre\bin;C:\WINDOWS\SYSTEM32;C:\WINDOWS\WinSxS\amd64_microsoft.windows.common-controls_6595b64144ccf1df_6.0.19041.1110_none_60b5254171f9507e;C:\Program Files\Android\Android Studio1\jre\bin\server;C:\Users\pc\.gradle\native\e1d6ef7f7dcc3fd88c89a11ec53ec762bb8ba0a96d01ffa2cd45eb1d1d8dd5c5\windows-amd64;C:\Users\pc\.gradle\native\5664cfc778a61ccfe75a443a1ab52a65af34e5dc3c78e0209fed803814484fcb\windows-amd64

VM Arguments:
jvm_args: --add-opens=java.base/java.util=ALL-UNNAMED --add-opens=java.base/java.lang=ALL-UNNAMED --add-opens=java.base/java.lang.invoke=ALL-UNNAMED --add-opens=java.base/java.util=ALL-UNNAMED --add-opens=java.prefs/java.util.prefs=ALL-UNNAMED --add-opens=java.prefs/java.util.prefs=ALL-UNNAMED --add-opens=java.base/java.nio.charset=ALL-UNNAMED --add-opens=java.base/java.net=ALL-UNNAMED --add-opens=java.base/java.util.concurrent.atomic=ALL-UNNAMED -Xmx2048m -Dfile.encoding=UTF-8 -Duser.country=KR -Duser.language=ko -Duser.variant 
java_command: org.gradle.launcher.daemon.bootstrap.GradleDaemon 7.3.3
java_class_path (initial): C:\Users\pc\.gradle\wrapper\dists\gradle-7.3.3-bin\6a41zxkdtcxs8rphpq6y0069z\gradle-7.3.3\lib\gradle-launcher-7.3.3.jar
Launcher Type: SUN_STANDARD

[Global flags]
     intx CICompilerCount                          = 12                                        {product} {ergonomic}
     uint ConcGCThreads                            = 3                                         {product} {ergonomic}
     uint G1ConcRefinementThreads                  = 13                                        {product} {ergonomic}
   size_t G1HeapRegionSize                         = 1048576                                   {product} {ergonomic}
    uintx GCDrainStackTargetSize                   = 64                                        {product} {ergonomic}
   size_t InitialHeapSize                          = 266338304                                 {product} {ergonomic}
   size_t MarkStackSize                            = 4194304                                   {product} {ergonomic}
   size_t MaxHeapSize                              = 2147483648                                {product} {command line}
   size_t MaxNewSize                               = 1287651328                                {product} {ergonomic}
   size_t MinHeapDeltaBytes                        = 1048576                                   {product} {ergonomic}
    uintx NonNMethodCodeHeapSize                   = 7594288                                {pd product} {ergonomic}
    uintx NonProfiledCodeHeapSize                  = 122031976                              {pd product} {ergonomic}
    uintx ProfiledCodeHeapSize                     = 122031976                              {pd product} {ergonomic}
    uintx ReservedCodeCacheSize                    = 251658240                              {pd product} {ergonomic}
     bool SegmentedCodeCache                       = true                                      {product} {ergonomic}
     bool UseCompressedClassPointers               = true                                 {lp64_product} {ergonomic}
     bool UseCompressedOops                        = true                                 {lp64_product} {ergonomic}
     bool UseG1GC                                  = true                                      {product} {ergonomic}
     bool UseLargePagesIndividualAllocation        = false                                  {pd product} {ergonomic}

Logging:
Log output configuration:
 #0: stdout all=warning uptime,level,tags
 #1: stderr all=off uptime,level,tags

Environment Variables:
PATH=C:\Program Files (x86)\Common Files\Oracle\Java\javapath;C:\WINDOWS\system32;C:\WINDOWS;C:\WINDOWS\System32\Wbem;C:\WINDOWS\System32\WindowsPowerShell\v1.0\;C:\WINDOWS\System32\OpenSSH\;C:\Program Files\Git\cmd;C:\dex2jar-2.0;c:\windows\system32;C:\Users\pc\AppData\Local\Microsoft\WindowsApps;C:\Program Files\JetBrains\IntelliJ IDEA Community Edition 2020.3.3\bin;C:\Users\pc\AppData\Local\GitHubDesktop\bin
USERNAME=pc
OS=Windows_NT
PROCESSOR_IDENTIFIER=Intel64 Family 6 Model 165 Stepping 5, GenuineIntel



---------------  S Y S T E M  ---------------

OS: Windows 10 , 64 bit Build 19041 (10.0.19041.2546)
OS uptime: 1 days 6:48 hours

CPU:total 16 (initial active 16) (8 cores per cpu, 2 threads per core) family 6 model 165 stepping 5 microcode 0xe2, cmov, cx8, fxsr, mmx, sse, sse2, sse3, ssse3, sse4.1, sse4.2, popcnt, avx, avx2, aes, clmul, erms, 3dnowpref, lzcnt, ht, tsc, tscinvbit, bmi1, bmi2, adx, fma

Memory: 4k page, system-wide physical 16255M (1986M free)
TotalPageFile size 18303M (AvailPageFile size 0M)
current process WorkingSet (physical memory assigned to process): 305M, peak: 309M
current process commit charge ("private bytes"): 476M, peak: 480M

vm_info: OpenJDK 64-Bit Server VM (11.0.13+0-b1751.21-8125866) for windows-amd64 JRE (11.0.13+0-b1751.21-8125866), built on Feb  2 2022 03:00:22 by "builder" with MS VC++ 14.0 (VS2015)

END.
